Adding dependency `gcc/11.2.0` to your environment
Adding package `nvidia-hpc-sdk/2022.225` to your environment
Version detection determined compiler OpenACC Version for C as: 2.6
Version detection determined compiler OpenACC Version for CPP as: 2.6
Version detection determined compiler OpenACC Version for Fortran as: 2.6
Evaluating test acc_async_test.c.  Will it run: True
Evaluating test acc_async_test_all.c.  Will it run: True
Evaluating test acc_copyin.c.  Will it run: True
Evaluating test acc_copyin_async.c.  Will it run: True
Evaluating test acc_copyout.c.  Will it run: True
Evaluating test acc_copyout_async.c.  Will it run: True
Evaluating test acc_copyout_finalize.c.  Will it run: True
Evaluating test acc_copyout_finalize_async.c.  Will it run: True
Evaluating test acc_create.c.  Will it run: True
Evaluating test acc_create_async.c.  Will it run: True
Evaluating test acc_delete.c.  Will it run: True
Evaluating test acc_delete_async.c.  Will it run: True
Evaluating test acc_delete_finalize.c.  Will it run: True
Evaluating test acc_delete_finalize_async.c.  Will it run: True
Evaluating test acc_deviceptr.c.  Will it run: True
Evaluating test acc_free.c.  Will it run: True
Evaluating test acc_get_default_async.c.  Will it run: True
Evaluating test acc_get_device_num.c.  Will it run: True
Evaluating test acc_get_device_type.c.  Will it run: True
Evaluating test acc_get_num_devices.c.  Will it run: True
Evaluating test acc_get_property.c.  Will it run: True
Evaluating test acc_hostptr.c.  Will it run: True
Evaluating test acc_init.c.  Will it run: True
Evaluating test acc_init_device.c.  Will it run: True
Evaluating test acc_is_present.c.  Will it run: True
Evaluating test acc_malloc.c.  Will it run: True
Evaluating test acc_map_data.c.  Will it run: True
Evaluating test acc_memcpy_device.c.  Will it run: True
Evaluating test acc_memcpy_from_device.c.  Will it run: True
Evaluating test acc_memcpy_from_device_async.c.  Will it run: True
Evaluating test acc_memcpy_to_device.c.  Will it run: True
Evaluating test acc_memcpy_to_device_async.c.  Will it run: True
Evaluating test acc_on_device.c.  Will it run: True
Evaluating test acc_set_default_async.c.  Will it run: True
Evaluating test acc_set_device_num.c.  Will it run: True
Evaluating test acc_set_device_type.c.  Will it run: True
Evaluating test acc_shutdown.c.  Will it run: True
Evaluating test acc_shutdown_device.c.  Will it run: True
Evaluating test acc_unmap_data.c.  Will it run: True
Evaluating test acc_update_device.c.  Will it run: True
Evaluating test acc_update_device_async.c.  Will it run: True
Evaluating test acc_update_self.c.  Will it run: True
Evaluating test acc_update_self_async.c.  Will it run: True
Evaluating test acc_wait.c.  Will it run: True
Evaluating test acc_wait_all.c.  Will it run: True
Evaluating test acc_wait_all_async.c.  Will it run: True
Evaluating test acc_wait_any.c.  Will it run: True
Evaluating test acc_wait_async.c.  Will it run: True
Evaluating test atomic_bitand_equals.c.  Will it run: True
Evaluating test atomic_bitor_equals.c.  Will it run: True
Evaluating test atomic_bitxor_equals.c.  Will it run: True
Evaluating test atomic_capture_bitand_equals.c.  Will it run: True
Evaluating test atomic_capture_bitor_equals.c.  Will it run: True
Evaluating test atomic_capture_bitxor_equals.c.  Will it run: True
Evaluating test atomic_capture_divided_equals.c.  Will it run: True
Evaluating test atomic_capture_expr_bitand_x.c.  Will it run: True
Evaluating test atomic_capture_expr_bitor_x.c.  Will it run: True
Evaluating test atomic_capture_expr_bitxor_x.c.  Will it run: True
Evaluating test atomic_capture_expr_divided_x.c.  Will it run: True
Evaluating test atomic_capture_expr_lshift_x.c.  Will it run: True
Evaluating test atomic_capture_expr_minus_x.c.  Will it run: True
Evaluating test atomic_capture_expr_multiply_x.c.  Will it run: True
Evaluating test atomic_capture_expr_plus_x.c.  Will it run: True
Evaluating test atomic_capture_expr_rshift_x.c.  Will it run: True
Evaluating test atomic_capture_lshift_equals.c.  Will it run: True
Evaluating test atomic_capture_minus_equals.c.  Will it run: True
Evaluating test atomic_capture_multiply_equals.c.  Will it run: True
Evaluating test atomic_capture_plus_equals.c.  Will it run: True
Evaluating test atomic_capture_postdecrement.c.  Will it run: True
Evaluating test atomic_capture_postincrement.c.  Will it run: True
Evaluating test atomic_capture_predecrement.c.  Will it run: True
Evaluating test atomic_capture_preincrement.c.  Will it run: True
Evaluating test atomic_capture_rshift_equals.c.  Will it run: True
Evaluating test atomic_divided_equals.c.  Will it run: True
Evaluating test atomic_expr_bitand_x.c.  Will it run: True
Evaluating test atomic_expr_bitor_x.c.  Will it run: True
Evaluating test atomic_expr_bitxor_x.c.  Will it run: True
Evaluating test atomic_expr_divided_x.c.  Will it run: True
Evaluating test atomic_expr_lshift_x.c.  Will it run: True
Evaluating test atomic_expr_minus_x.c.  Will it run: True
Evaluating test atomic_expr_multiply_x.c.  Will it run: True
Evaluating test atomic_expr_plus_x.c.  Will it run: True
Evaluating test atomic_expr_rshift_x.c.  Will it run: True
Evaluating test atomic_lshift_equals.c.  Will it run: True
Evaluating test atomic_minus_equals.c.  Will it run: True
Evaluating test atomic_multiply_equals.c.  Will it run: True
Evaluating test atomic_plus_equals.c.  Will it run: True
Evaluating test atomic_postdecrement.c.  Will it run: True
Evaluating test atomic_postincrement.c.  Will it run: True
Evaluating test atomic_predecrement.c.  Will it run: True
Evaluating test atomic_preincrement.c.  Will it run: True
Evaluating test atomic_rshift_equals.c.  Will it run: True
Evaluating test atomic_structured_assign_assign.c.  Will it run: True
Evaluating test atomic_structured_assign_bitand_equals.c.  Will it run: True
Evaluating test atomic_structured_assign_bitor_equals.c.  Will it run: True
Evaluating test atomic_structured_assign_bitxor_equals.c.  Will it run: True
Evaluating test atomic_structured_assign_divided_equals.c.  Will it run: True
Evaluating test atomic_structured_assign_expr_bitand_x.c.  Will it run: True
Evaluating test atomic_structured_assign_expr_bitor_x.c.  Will it run: True
Evaluating test atomic_structured_assign_expr_bitxor_x.c.  Will it run: True
Evaluating test atomic_structured_assign_expr_divided_x.c.  Will it run: True
Evaluating test atomic_structured_assign_expr_multiply_x.c.  Will it run: True
Evaluating test atomic_structured_assign_expr_plus_x.c.  Will it run: True
Evaluating test atomic_structured_assign_lshift_equals.c.  Will it run: True
Evaluating test atomic_structured_assign_minus_equals.c.  Will it run: True
Evaluating test atomic_structured_assign_multiply_equals.c.  Will it run: True
Evaluating test atomic_structured_assign_plus_equals.c.  Will it run: True
Evaluating test atomic_structured_assign_postdecrement.c.  Will it run: True
Evaluating test atomic_structured_assign_postincrement.c.  Will it run: True
Evaluating test atomic_structured_assign_predecrement.c.  Will it run: True
Evaluating test atomic_structured_assign_preincrement.c.  Will it run: True
Evaluating test atomic_structured_assign_rshift_equals.c.  Will it run: True
Evaluating test atomic_structured_assign_x_bitand_expr.c.  Will it run: True
Evaluating test atomic_structured_assign_x_bitor_expr.c.  Will it run: True
Evaluating test atomic_structured_assign_x_bitxor_expr.c.  Will it run: True
Evaluating test atomic_structured_assign_x_divided_expr.c.  Will it run: True
Evaluating test atomic_structured_assign_x_lshift_expr.c.  Will it run: True
Evaluating test atomic_structured_assign_x_minus_expr.c.  Will it run: True
Evaluating test atomic_structured_assign_x_multiply_expr.c.  Will it run: True
Evaluating test atomic_structured_assign_x_plus_expr.c.  Will it run: True
Evaluating test atomic_structured_assign_x_rshift_expr.c.  Will it run: True
Evaluating test atomic_structured_bitand_equals_assign.c.  Will it run: True
Evaluating test atomic_structured_bitor_equals_assign.c.  Will it run: True
Evaluating test atomic_structured_bitxor_equals_assign.c.  Will it run: True
Evaluating test atomic_structured_divided_equals_assign.c.  Will it run: True
Evaluating test atomic_structured_expr_bitand_x_assign.c.  Will it run: True
Evaluating test atomic_structured_expr_bitor_x_assign.c.  Will it run: True
Evaluating test atomic_structured_expr_bitxor_x_assign.c.  Will it run: True
Evaluating test atomic_structured_expr_multiply_x_assign.c.  Will it run: True
Evaluating test atomic_structured_expr_plus_x_assign.c.  Will it run: True
Evaluating test atomic_structured_lshift_equals_assign.c.  Will it run: True
Evaluating test atomic_structured_minus_equals_assign.c.  Will it run: True
Evaluating test atomic_structured_multiply_equals_assign.c.  Will it run: True
Evaluating test atomic_structured_plus_equals_assign.c.  Will it run: True
Evaluating test atomic_structured_postdecrement_assign.c.  Will it run: True
Evaluating test atomic_structured_postincrement_assign.c.  Will it run: True
Evaluating test atomic_structured_predecrement_assign.c.  Will it run: True
Evaluating test atomic_structured_preincrement_assign.c.  Will it run: True
Evaluating test atomic_structured_rshift_equals_assign.c.  Will it run: True
Evaluating test atomic_structured_x_bitand_expr_assign.c.  Will it run: True
Evaluating test atomic_structured_x_bitor_expr_assign.c.  Will it run: True
Evaluating test atomic_structured_x_bitxor_expr_assign.c.  Will it run: True
Evaluating test atomic_structured_x_divided_expr_assign.c.  Will it run: True
Evaluating test atomic_structured_x_lshift_expr_assign.c.  Will it run: True
Evaluating test atomic_structured_x_minus_expr_assign.c.  Will it run: True
Evaluating test atomic_structured_x_multiply_expr_assign.c.  Will it run: True
Evaluating test atomic_structured_x_plus_expr_assign.c.  Will it run: True
Evaluating test atomic_structured_x_rshift_expr_assign.c.  Will it run: True
Evaluating test atomic_update_bitand_equals.c.  Will it run: True
Evaluating test atomic_update_bitor_equals.c.  Will it run: True
Evaluating test atomic_update_bitxor_equals.c.  Will it run: True
Evaluating test atomic_update_divided_equals.c.  Will it run: True
Evaluating test atomic_update_expr_bitand_x.c.  Will it run: True
Evaluating test atomic_update_expr_bitor_x.c.  Will it run: True
Evaluating test atomic_update_expr_bitxor_x.c.  Will it run: True
Evaluating test atomic_update_expr_divided_x.c.  Will it run: True
Evaluating test atomic_update_expr_lshift_x.c.  Will it run: True
Evaluating test atomic_update_expr_minus_x.c.  Will it run: True
Evaluating test atomic_update_expr_multiply_x.c.  Will it run: True
Evaluating test atomic_update_expr_plus_x.c.  Will it run: True
Evaluating test atomic_update_expr_rshift_x.c.  Will it run: True
Evaluating test atomic_update_lshift_equals.c.  Will it run: True
Evaluating test atomic_update_minus_equals.c.  Will it run: True
Evaluating test atomic_update_multiply_equals.c.  Will it run: True
Evaluating test atomic_update_plus_equals.c.  Will it run: True
Evaluating test atomic_update_postdecrement.c.  Will it run: True
Evaluating test atomic_update_postincrement.c.  Will it run: True
Evaluating test atomic_update_predecrement.c.  Will it run: True
Evaluating test atomic_update_preincrement.c.  Will it run: True
Evaluating test atomic_update_rshift_equals.c.  Will it run: True
Evaluating test atomic_update_x_bitand_expr.c.  Will it run: True
Evaluating test atomic_update_x_bitor_expr.c.  Will it run: True
Evaluating test atomic_update_x_bitxor_expr.c.  Will it run: True
Evaluating test atomic_update_x_divided_expr.c.  Will it run: True
Evaluating test atomic_update_x_lshift_expr.c.  Will it run: True
Evaluating test atomic_update_x_minus_expr.c.  Will it run: True
Evaluating test atomic_update_x_multiply_expr.c.  Will it run: True
Evaluating test atomic_update_x_plus_expr.c.  Will it run: True
Evaluating test atomic_update_x_rshift_expr.c.  Will it run: True
Evaluating test atomic_x_bitand_expr.c.  Will it run: True
Evaluating test atomic_x_bitor_expr.c.  Will it run: True
Evaluating test atomic_x_bitxor_expr.c.  Will it run: True
Evaluating test atomic_x_divided_expr.c.  Will it run: True
Evaluating test atomic_x_lshift_expr.c.  Will it run: True
Evaluating test atomic_x_minus_expr.c.  Will it run: True
Evaluating test atomic_x_multiply_expr.c.  Will it run: True
Evaluating test atomic_x_plus_expr.c.  Will it run: True
Evaluating test atomic_x_rshift_expr.c.  Will it run: True
Evaluating test copy_copyout.c.  Will it run: True
Evaluating test copyin_copyout.c.  Will it run: True
Evaluating test data_async.c.  Will it run: True
Evaluating test data_copy_no_lower_bound.c.  Will it run: True
Evaluating test data_copyin_no_lower_bound.c.  Will it run: True
Evaluating test data_copyout_no_lower_bound.c.  Will it run: True
Evaluating test data_copyout_reference_counts.c.  Will it run: True
Evaluating test data_copyout_zero.c.  Will it run: True
Evaluating test data_create.c.  Will it run: True
Evaluating test data_create_no_lower_bound.c.  Will it run: True
Evaluating test data_create_zero.c.  Will it run: True
Evaluating test data_present_no_lower_bound.c.  Will it run: True
Evaluating test data_wait.c.  Will it run: True
Evaluating test data_with_changing_subscript.c.  Will it run: True
Evaluating test data_with_structs.c.  Will it run: True
Evaluating test declare_copyin.c.  Will it run: True
Evaluating test declare_create.c.  Will it run: True
Evaluating test declare_device_resident.c.  Will it run: True
Evaluating test declare_function_scope_copy.c.  Will it run: True
Evaluating test declare_function_scope_copyin.c.  Will it run: True
Evaluating test declare_function_scope_copyout.c.  Will it run: True
Evaluating test declare_function_scope_create.c.  Will it run: True
Evaluating test declare_function_scope_deviceptr.c.  Will it run: True
Evaluating test declare_function_scope_present.c.  Will it run: True
Evaluating test enter_data_copyin_no_lower_bound.c.  Will it run: True
Evaluating test enter_data_create.c.  Will it run: True
Evaluating test enter_data_create_no_lower_bound.c.  Will it run: True
Evaluating test enter_exit_data_if.c.  Will it run: True
Evaluating test exit_data.c.  Will it run: True
Evaluating test exit_data_copyout_no_lower_bound.c.  Will it run: True
Evaluating test exit_data_copyout_reference_counts.c.  Will it run: True
Evaluating test exit_data_delete_no_lower_bound.c.  Will it run: True
Evaluating test exit_data_finalize.c.  Will it run: True
Evaluating test gang-dimensions.c.  Will it run: True
Evaluating test host_data.c.  Will it run: True
Evaluating test init.c.  Will it run: True
Evaluating test init_device_num.c.  Will it run: True
Evaluating test init_device_type.c.  Will it run: True
Evaluating test init_device_type_num.c.  Will it run: True
Evaluating test init_device_type_num_nvidia.c.  Will it run: True
Evaluating test init_device_type_nvidia.c.  Will it run: True
Evaluating test init_if.c.  Will it run: True
Evaluating test kernel_implicit_data_attributes.c.  Will it run: True
Evaluating test kernels_async.c.  Will it run: True
Evaluating test kernels_copy.c.  Will it run: True
Evaluating test kernels_copyin.c.  Will it run: True
Evaluating test kernels_copyout.c.  Will it run: True
Evaluating test kernels_copyout_zero.c.  Will it run: True
Evaluating test kernels_create.c.  Will it run: True
Evaluating test kernels_create_zero.c.  Will it run: True
Evaluating test kernels_default_copy.c.  Will it run: True
Evaluating test kernels_default_present.c.  Will it run: True
Evaluating test kernels_if.c.  Will it run: True
Evaluating test kernels_loop.c.  Will it run: True
Evaluating test kernels_loop_independent.c.  Will it run: True
Evaluating test kernels_loop_reduction_add_general.c.  Will it run: True
Evaluating test kernels_loop_reduction_add_loop.c.  Will it run: True
Evaluating test kernels_loop_reduction_add_vector_loop.c.  Will it run: True
Evaluating test kernels_loop_reduction_and_general.c.  Will it run: True
Evaluating test kernels_loop_reduction_and_loop.c.  Will it run: True
Evaluating test kernels_loop_reduction_and_vector_loop.c.  Will it run: True
Evaluating test kernels_loop_reduction_bitand_general.c.  Will it run: True
Evaluating test kernels_loop_reduction_bitand_loop.c.  Will it run: True
Evaluating test kernels_loop_reduction_bitand_vector_loop.c.  Will it run: True
Evaluating test kernels_loop_reduction_bitor_general.c.  Will it run: True
Evaluating test kernels_loop_reduction_bitor_loop.c.  Will it run: True
Evaluating test kernels_loop_reduction_bitor_vector_loop.c.  Will it run: True
Evaluating test kernels_loop_reduction_bitxor_general.c.  Will it run: True
Evaluating test kernels_loop_reduction_bitxor_loop.c.  Will it run: True
Evaluating test kernels_loop_reduction_bitxor_vector_loop.c.  Will it run: True
Evaluating test kernels_loop_reduction_max_general.c.  Will it run: True
Evaluating test kernels_loop_reduction_max_loop.c.  Will it run: True
Evaluating test kernels_loop_reduction_max_vector_loop.c.  Will it run: True
Evaluating test kernels_loop_reduction_min_general.c.  Will it run: True
Evaluating test kernels_loop_reduction_min_loop.c.  Will it run: True
Evaluating test kernels_loop_reduction_min_vector_loop.c.  Will it run: True
Evaluating test kernels_loop_reduction_multiply_general.c.  Will it run: True
Evaluating test kernels_loop_reduction_multiply_loop.c.  Will it run: True
Evaluating test kernels_loop_reduction_multiply_vector_loop.c.  Will it run: True
Evaluating test kernels_loop_reduction_or_general.c.  Will it run: True
Evaluating test kernels_loop_reduction_or_loop.c.  Will it run: True
Evaluating test kernels_loop_reduction_or_vector_loop.c.  Will it run: True
Evaluating test kernels_loop_seq.c.  Will it run: True
Evaluating test kernels_loop_tile.c.  Will it run: True
Evaluating test kernels_loop_vector_blocking.c.  Will it run: True
Evaluating test kernels_loop_worker_blocking.c.  Will it run: True
Evaluating test kernels_num_gangs.c.  Will it run: True
Evaluating test kernels_num_workers.c.  Will it run: True
Evaluating test kernels_present.c.  Will it run: True
Evaluating test kernels_scalar_default_copy.c.  Will it run: True
Evaluating test kernels_vector_length.c.  Will it run: True
Evaluating test kernels_wait.c.  Will it run: True
Evaluating test loop_collapse.c.  Will it run: True
Evaluating test loop_no_collapse_default.c.  Will it run: True
Evaluating test parallel.c.  Will it run: True
Evaluating test parallel_async.c.  Will it run: True
Evaluating test parallel_copy.c.  Will it run: True
Evaluating test parallel_copyin.c.  Will it run: True
Evaluating test parallel_copyout.c.  Will it run: True
Evaluating test parallel_copyout_zero.c.  Will it run: True
Evaluating test parallel_create.c.  Will it run: True
Evaluating test parallel_create_zero.c.  Will it run: True
Evaluating test parallel_default_copy.c.  Will it run: True
Evaluating test parallel_default_present.c.  Will it run: True
Evaluating test parallel_deviceptr.c.  Will it run: True
Evaluating test parallel_firstprivate.c.  Will it run: True
Evaluating test parallel_if.c.  Will it run: True
Evaluating test parallel_implicit_data_attributes.c.  Will it run: True
Evaluating test parallel_independent_atomic.c.  Will it run: True
Evaluating test parallel_independent_atomic_capture.c.  Will it run: True
Evaluating test parallel_independent_atomic_read.c.  Will it run: True
Evaluating test parallel_independent_atomic_update.c.  Will it run: True
Evaluating test parallel_independent_atomic_write.c.  Will it run: True
Evaluating test parallel_loop.c.  Will it run: True
Evaluating test parallel_loop_async.c.  Will it run: True
Evaluating test parallel_loop_auto.c.  Will it run: True
Evaluating test parallel_loop_gang.c.  Will it run: True
Evaluating test parallel_loop_independent.c.  Will it run: True
Evaluating test parallel_loop_independent_reduction.c.  Will it run: True
Evaluating test parallel_loop_reduction_add_general.c.  Will it run: True
Evaluating test parallel_loop_reduction_add_general_type_check_pt1.c.  Will it run: True
Evaluating test parallel_loop_reduction_add_general_type_check_pt2.c.  Will it run: True
Evaluating test parallel_loop_reduction_add_general_type_check_pt3.c.  Will it run: True
Evaluating test parallel_loop_reduction_add_loop.c.  Will it run: True
Evaluating test parallel_loop_reduction_add_loop_type_check_pt1.c.  Will it run: True
Evaluating test parallel_loop_reduction_add_vector_loop.c.  Will it run: True
Evaluating test parallel_loop_reduction_and_general.c.  Will it run: True
Evaluating test parallel_loop_reduction_and_loop.c.  Will it run: True
Evaluating test parallel_loop_reduction_and_vector_loop.c.  Will it run: True
Evaluating test parallel_loop_reduction_bitand_general.c.  Will it run: True
Evaluating test parallel_loop_reduction_bitand_loop.c.  Will it run: True
Evaluating test parallel_loop_reduction_bitand_vector_loop.c.  Will it run: True
Evaluating test parallel_loop_reduction_bitor_general.c.  Will it run: True
Evaluating test parallel_loop_reduction_bitor_loop.c.  Will it run: True
Evaluating test parallel_loop_reduction_bitor_vector_loop.c.  Will it run: True
Evaluating test parallel_loop_reduction_bitxor_general.c.  Will it run: True
Evaluating test parallel_loop_reduction_bitxor_loop.c.  Will it run: True
Evaluating test parallel_loop_reduction_bitxor_vector_loop.c.  Will it run: True
Evaluating test parallel_loop_reduction_max_general.c.  Will it run: True
Evaluating test parallel_loop_reduction_max_loop.c.  Will it run: True
Evaluating test parallel_loop_reduction_max_vector_loop.c.  Will it run: True
Evaluating test parallel_loop_reduction_min_general.c.  Will it run: True
Evaluating test parallel_loop_reduction_min_loop.c.  Will it run: True
Evaluating test parallel_loop_reduction_min_vector_loop.c.  Will it run: True
Evaluating test parallel_loop_reduction_multiply_general.c.  Will it run: True
Evaluating test parallel_loop_reduction_multiply_loop.c.  Will it run: True
Evaluating test parallel_loop_reduction_multiply_vector_loop.c.  Will it run: True
Evaluating test parallel_loop_reduction_or_general.c.  Will it run: True
Evaluating test parallel_loop_reduction_or_loop.c.  Will it run: True
Evaluating test parallel_loop_reduction_or_vector_loop.c.  Will it run: True
Evaluating test parallel_loop_seq.c.  Will it run: True
Evaluating test parallel_loop_tile.c.  Will it run: True
Evaluating test parallel_loop_vector.c.  Will it run: True
Evaluating test parallel_loop_vector_blocking.c.  Will it run: True
Evaluating test parallel_loop_worker.c.  Will it run: True
Evaluating test parallel_loop_worker_blocking.c.  Will it run: True
Evaluating test parallel_present.c.  Will it run: True
Evaluating test parallel_private.c.  Will it run: True
Evaluating test parallel_reduction.c.  Will it run: True
Evaluating test parallel_scalar_default_firstprivate.c.  Will it run: True
Evaluating test parallel_switch.c.  Will it run: True
Evaluating test parallel_wait.c.  Will it run: True
Evaluating test parallel_wait_devnum.c.  Will it run: True
Evaluating test parallel_wait_queue.c.  Will it run: True
Evaluating test parallel_while_loop.c.  Will it run: True
Evaluating test reference_count_zero.c.  Will it run: True
Evaluating test routine_bind.c.  Will it run: True
Evaluating test routine_gang.c.  Will it run: True
Evaluating test routine_nohost.c.  Will it run: True
Evaluating test routine_seq.c.  Will it run: True
Evaluating test routine_vector.c.  Will it run: True
Evaluating test routine_worker.c.  Will it run: True
Evaluating test serial.c.  Will it run: True
Evaluating test serial_async.c.  Will it run: True
Evaluating test serial_copy.c.  Will it run: True
Evaluating test serial_copyin.c.  Will it run: True
Evaluating test serial_copyout.c.  Will it run: True
Evaluating test serial_copyout_zero.c.  Will it run: True
Evaluating test serial_create.c.  Will it run: True
Evaluating test serial_create_zero.c.  Will it run: True
Evaluating test serial_default_copy.c.  Will it run: True
Evaluating test serial_default_present.c.  Will it run: True
Evaluating test serial_deviceptr.c.  Will it run: True
Evaluating test serial_firstprivate.c.  Will it run: True
Evaluating test serial_if.c.  Will it run: True
Evaluating test serial_implicit_data_attributes.c.  Will it run: True
Evaluating test serial_loop.c.  Will it run: True
Evaluating test serial_loop_async.c.  Will it run: True
Evaluating test serial_loop_auto.c.  Will it run: True
Evaluating test serial_loop_gang.c.  Will it run: True
Evaluating test serial_loop_gang_blocking.c.  Will it run: True
Evaluating test serial_loop_reduction_add_general.c.  Will it run: True
Evaluating test serial_loop_reduction_add_loop.c.  Will it run: True
Evaluating test serial_loop_reduction_add_vector_loop.c.  Will it run: True
Evaluating test serial_loop_reduction_and_general.c.  Will it run: True
Evaluating test serial_loop_reduction_and_loop.c.  Will it run: True
Evaluating test serial_loop_reduction_and_vector_loop.c.  Will it run: True
Evaluating test serial_loop_reduction_bitand_general.c.  Will it run: True
Evaluating test serial_loop_reduction_bitand_loop.c.  Will it run: True
Evaluating test serial_loop_reduction_bitand_vector_loop.c.  Will it run: True
Evaluating test serial_loop_reduction_bitor_general.c.  Will it run: True
Evaluating test serial_loop_reduction_bitor_loop.c.  Will it run: True
Evaluating test serial_loop_reduction_bitor_vector_loop.c.  Will it run: True
Evaluating test serial_loop_reduction_bitxor_general.c.  Will it run: True
Evaluating test serial_loop_reduction_bitxor_loop.c.  Will it run: True
Evaluating test serial_loop_reduction_bitxor_vector_loop.c.  Will it run: True
Evaluating test serial_loop_reduction_max_general.c.  Will it run: True
Evaluating test serial_loop_reduction_max_loop.c.  Will it run: True
Evaluating test serial_loop_reduction_max_vector_loop.c.  Will it run: True
Evaluating test serial_loop_reduction_min_general.c.  Will it run: True
Evaluating test serial_loop_reduction_min_loop.c.  Will it run: True
Evaluating test serial_loop_reduction_min_vector_loop.c.  Will it run: True
Evaluating test serial_loop_reduction_multiply_general.c.  Will it run: True
Evaluating test serial_loop_reduction_multiply_loop.c.  Will it run: True
Evaluating test serial_loop_reduction_multiply_vector_loop.c.  Will it run: True
Evaluating test serial_loop_reduction_or_general.c.  Will it run: True
Evaluating test serial_loop_reduction_or_loop.c.  Will it run: True
Evaluating test serial_loop_reduction_or_vector_loop.c.  Will it run: True
Evaluating test serial_loop_seq.c.  Will it run: True
Evaluating test serial_loop_tile.c.  Will it run: True
Evaluating test serial_loop_vector.c.  Will it run: True
Evaluating test serial_loop_vector_blocking.c.  Will it run: True
Evaluating test serial_loop_worker.c.  Will it run: True
Evaluating test serial_loop_worker_blocking.c.  Will it run: True
Evaluating test serial_present.c.  Will it run: True
Evaluating test serial_private.c.  Will it run: True
Evaluating test serial_reduction.c.  Will it run: True
Evaluating test serial_scalar_default_firstprivate.c.  Will it run: True
Evaluating test serial_switch.c.  Will it run: True
Evaluating test serial_wait.c.  Will it run: True
Evaluating test serial_while_loop.c.  Will it run: True
Evaluating test set_default_async.c.  Will it run: True
Evaluating test set_device_num.c.  Will it run: True
Evaluating test set_device_type.c.  Will it run: True
Evaluating test set_device_type_num.c.  Will it run: True
Evaluating test set_device_type_num_nvidia.c.  Will it run: True
Evaluating test set_device_type_nvidia.c.  Will it run: True
Evaluating test set_if.c.  Will it run: True
Evaluating test shutdown.c.  Will it run: True
Evaluating test shutdown_device_num.c.  Will it run: True
Evaluating test shutdown_device_type.c.  Will it run: True
Evaluating test shutdown_device_type_num.c.  Will it run: True
Evaluating test shutdown_device_type_num_nvidia.c.  Will it run: True
Evaluating test shutdown_device_type_nvidia.c.  Will it run: True
Evaluating test shutdown_if.c.  Will it run: True
Evaluating test wait_if.c.  Will it run: True
Evaluating test acc_async_test.cpp.  Will it run: True
Evaluating test acc_async_test_all.cpp.  Will it run: True
Evaluating test acc_copyin.cpp.  Will it run: True
Evaluating test acc_copyin_async.cpp.  Will it run: True
Evaluating test acc_copyout.cpp.  Will it run: True
Evaluating test acc_copyout_async.cpp.  Will it run: True
Evaluating test acc_copyout_finalize.cpp.  Will it run: True
Evaluating test acc_copyout_finalize_async.cpp.  Will it run: True
Evaluating test acc_create.cpp.  Will it run: True
Evaluating test acc_create_async.cpp.  Will it run: True
Evaluating test acc_delete.cpp.  Will it run: True
Evaluating test acc_delete_async.cpp.  Will it run: True
Evaluating test acc_delete_finalize.cpp.  Will it run: True
Evaluating test acc_delete_finalize_async.cpp.  Will it run: True
Evaluating test acc_deviceptr.cpp.  Will it run: True
Evaluating test acc_free.cpp.  Will it run: True
Evaluating test acc_get_default_async.cpp.  Will it run: True
Evaluating test acc_get_device_num.cpp.  Will it run: True
Evaluating test acc_get_device_type.cpp.  Will it run: True
Evaluating test acc_get_num_devices.cpp.  Will it run: True
Evaluating test acc_get_property.cpp.  Will it run: True
Evaluating test acc_hostptr.cpp.  Will it run: True
Evaluating test acc_init.cpp.  Will it run: True
Evaluating test acc_is_present.cpp.  Will it run: True
Evaluating test acc_malloc.cpp.  Will it run: True
Evaluating test acc_map_data.cpp.  Will it run: True
Evaluating test acc_memcpy_device.cpp.  Will it run: True
Evaluating test acc_memcpy_from_device.cpp.  Will it run: True
Evaluating test acc_memcpy_from_device_async.cpp.  Will it run: True
Evaluating test acc_memcpy_to_device.cpp.  Will it run: True
Evaluating test acc_memcpy_to_device_async.cpp.  Will it run: True
Evaluating test acc_on_device.cpp.  Will it run: True
Evaluating test acc_set_default_async.cpp.  Will it run: True
Evaluating test acc_set_device_num.cpp.  Will it run: True
Evaluating test acc_set_device_type.cpp.  Will it run: True
Evaluating test acc_shutdown.cpp.  Will it run: True
Evaluating test acc_unmap_data.cpp.  Will it run: True
Evaluating test acc_update_device.cpp.  Will it run: True
Evaluating test acc_update_device_async.cpp.  Will it run: True
Evaluating test acc_update_self.cpp.  Will it run: True
Evaluating test acc_update_self_async.cpp.  Will it run: True
Evaluating test acc_wait.cpp.  Will it run: True
Evaluating test acc_wait_all.cpp.  Will it run: True
Evaluating test acc_wait_all_async.cpp.  Will it run: True
Evaluating test acc_wait_any.cpp.  Will it run: True
Evaluating test acc_wait_async.cpp.  Will it run: True
Evaluating test atomic_bitand_equals.cpp.  Will it run: True
Evaluating test atomic_bitor_equals.cpp.  Will it run: True
Evaluating test atomic_bitxor_equals.cpp.  Will it run: True
Evaluating test atomic_capture_bitand_equals.cpp.  Will it run: True
Evaluating test atomic_capture_bitor_equals.cpp.  Will it run: True
Evaluating test atomic_capture_bitxor_equals.cpp.  Will it run: True
Evaluating test atomic_capture_divided_equals.cpp.  Will it run: True
Evaluating test atomic_capture_expr_bitand_x.cpp.  Will it run: True
Evaluating test atomic_capture_expr_bitor_x.cpp.  Will it run: True
Evaluating test atomic_capture_expr_bitxor_x.cpp.  Will it run: True
Evaluating test atomic_capture_expr_divided_x.cpp.  Will it run: True
Evaluating test atomic_capture_expr_lshift_x.cpp.  Will it run: True
Evaluating test atomic_capture_expr_minus_x.cpp.  Will it run: True
Evaluating test atomic_capture_expr_multiply_x.cpp.  Will it run: True
Evaluating test atomic_capture_expr_plus_x.cpp.  Will it run: True
Evaluating test atomic_capture_expr_rshift_x.cpp.  Will it run: True
Evaluating test atomic_capture_lshift_equals.cpp.  Will it run: True
Evaluating test atomic_capture_minus_equals.cpp.  Will it run: True
Evaluating test atomic_capture_multiply_equals.cpp.  Will it run: True
Evaluating test atomic_capture_plus_equals.cpp.  Will it run: True
Evaluating test atomic_capture_postdecrement.cpp.  Will it run: True
Evaluating test atomic_capture_postincrement.cpp.  Will it run: True
Evaluating test atomic_capture_predecrement.cpp.  Will it run: True
Evaluating test atomic_capture_preincrement.cpp.  Will it run: True
Evaluating test atomic_capture_rshift_equals.cpp.  Will it run: True
Evaluating test atomic_divided_equals.cpp.  Will it run: True
Evaluating test atomic_expr_bitand_x.cpp.  Will it run: True
Evaluating test atomic_expr_bitor_x.cpp.  Will it run: True
Evaluating test atomic_expr_bitxor_x.cpp.  Will it run: True
Evaluating test atomic_expr_divided_x.cpp.  Will it run: True
Evaluating test atomic_expr_lshift_x.cpp.  Will it run: True
Evaluating test atomic_expr_minus_x.cpp.  Will it run: True
Evaluating test atomic_expr_multiply_x.cpp.  Will it run: True
Evaluating test atomic_expr_plus_x.cpp.  Will it run: True
Evaluating test atomic_expr_rshift_x.cpp.  Will it run: True
Evaluating test atomic_lshift_equals.cpp.  Will it run: True
Evaluating test atomic_minus_equals.cpp.  Will it run: True
Evaluating test atomic_multiply_equals.cpp.  Will it run: True
Evaluating test atomic_plus_equals.cpp.  Will it run: True
Evaluating test atomic_postdecrement.cpp.  Will it run: True
Evaluating test atomic_postincrement.cpp.  Will it run: True
Evaluating test atomic_predecrement.cpp.  Will it run: True
Evaluating test atomic_preincrement.cpp.  Will it run: True
Evaluating test atomic_rshift_equals.cpp.  Will it run: True
Evaluating test atomic_structured_assign_assign.cpp.  Will it run: True
Evaluating test atomic_structured_assign_bitand_equals.cpp.  Will it run: True
Evaluating test atomic_structured_assign_bitor_equals.cpp.  Will it run: True
Evaluating test atomic_structured_assign_bitxor_equals.cpp.  Will it run: True
Evaluating test atomic_structured_assign_divided_equals.cpp.  Will it run: True
Evaluating test atomic_structured_assign_expr_bitand_x.cpp.  Will it run: True
Evaluating test atomic_structured_assign_expr_bitor_x.cpp.  Will it run: True
Evaluating test atomic_structured_assign_expr_bitxor_x.cpp.  Will it run: True
Evaluating test atomic_structured_assign_expr_divided_x.cpp.  Will it run: True
Evaluating test atomic_structured_assign_expr_multiply_x.cpp.  Will it run: True
Evaluating test atomic_structured_assign_expr_plus_x.cpp.  Will it run: True
Evaluating test atomic_structured_assign_lshift_equals.cpp.  Will it run: True
Evaluating test atomic_structured_assign_minus_equals.cpp.  Will it run: True
Evaluating test atomic_structured_assign_multiply_equals.cpp.  Will it run: True
Evaluating test atomic_structured_assign_plus_equals.cpp.  Will it run: True
Evaluating test atomic_structured_assign_postdecrement.cpp.  Will it run: True
Evaluating test atomic_structured_assign_postincrement.cpp.  Will it run: True
Evaluating test atomic_structured_assign_predecrement.cpp.  Will it run: True
Evaluating test atomic_structured_assign_preincrement.cpp.  Will it run: True
Evaluating test atomic_structured_assign_rshift_equals.cpp.  Will it run: True
Evaluating test atomic_structured_assign_x_bitand_expr.cpp.  Will it run: True
Evaluating test atomic_structured_assign_x_bitor_expr.cpp.  Will it run: True
Evaluating test atomic_structured_assign_x_bitxor_expr.cpp.  Will it run: True
Evaluating test atomic_structured_assign_x_divided_expr.cpp.  Will it run: True
Evaluating test atomic_structured_assign_x_lshift_expr.cpp.  Will it run: True
Evaluating test atomic_structured_assign_x_minus_expr.cpp.  Will it run: True
Evaluating test atomic_structured_assign_x_multiply_expr.cpp.  Will it run: True
Evaluating test atomic_structured_assign_x_plus_expr.cpp.  Will it run: True
Evaluating test atomic_structured_assign_x_rshift_expr.cpp.  Will it run: True
Evaluating test atomic_structured_bitand_equals_assign.cpp.  Will it run: True
Evaluating test atomic_structured_bitor_equals_assign.cpp.  Will it run: True
Evaluating test atomic_structured_bitxor_equals_assign.cpp.  Will it run: True
Evaluating test atomic_structured_divided_equals_assign.cpp.  Will it run: True
Evaluating test atomic_structured_expr_bitand_x_assign.cpp.  Will it run: True
Evaluating test atomic_structured_expr_bitor_x_assign.cpp.  Will it run: True
Evaluating test atomic_structured_expr_bitxor_x_assign.cpp.  Will it run: True
Evaluating test atomic_structured_expr_multiply_x_assign.cpp.  Will it run: True
Evaluating test atomic_structured_expr_plus_x_assign.cpp.  Will it run: True
Evaluating test atomic_structured_lshift_equals_assign.cpp.  Will it run: True
Evaluating test atomic_structured_minus_equals_assign.cpp.  Will it run: True
Evaluating test atomic_structured_multiply_equals_assign.cpp.  Will it run: True
Evaluating test atomic_structured_plus_equals_assign.cpp.  Will it run: True
Evaluating test atomic_structured_postdecrement_assign.cpp.  Will it run: True
Evaluating test atomic_structured_postincrement_assign.cpp.  Will it run: True
Evaluating test atomic_structured_predecrement_assign.cpp.  Will it run: True
Evaluating test atomic_structured_preincrement_assign.cpp.  Will it run: True
Evaluating test atomic_structured_rshift_equals_assign.cpp.  Will it run: True
Evaluating test atomic_structured_x_bitand_expr_assign.cpp.  Will it run: True
Evaluating test atomic_structured_x_bitor_expr_assign.cpp.  Will it run: True
Evaluating test atomic_structured_x_bitxor_expr_assign.cpp.  Will it run: True
Evaluating test atomic_structured_x_divided_expr_assign.cpp.  Will it run: True
Evaluating test atomic_structured_x_lshift_expr_assign.cpp.  Will it run: True
Evaluating test atomic_structured_x_minus_expr_assign.cpp.  Will it run: True
Evaluating test atomic_structured_x_multiply_expr_assign.cpp.  Will it run: True
Evaluating test atomic_structured_x_plus_expr_assign.cpp.  Will it run: True
Evaluating test atomic_structured_x_rshift_expr_assign.cpp.  Will it run: True
Evaluating test atomic_update_bitand_equals.cpp.  Will it run: True
Evaluating test atomic_update_bitor_equals.cpp.  Will it run: True
Evaluating test atomic_update_bitxor_equals.cpp.  Will it run: True
Evaluating test atomic_update_divided_equals.cpp.  Will it run: True
Evaluating test atomic_update_expr_bitand_x.cpp.  Will it run: True
Evaluating test atomic_update_expr_bitor_x.cpp.  Will it run: True
Evaluating test atomic_update_expr_bitxor_x.cpp.  Will it run: True
Evaluating test atomic_update_expr_divided_x.cpp.  Will it run: True
Evaluating test atomic_update_expr_lshift_x.cpp.  Will it run: True
Evaluating test atomic_update_expr_minus_x.cpp.  Will it run: True
Evaluating test atomic_update_expr_multiply_x.cpp.  Will it run: True
Evaluating test atomic_update_expr_plus_x.cpp.  Will it run: True
Evaluating test atomic_update_expr_rshift_x.cpp.  Will it run: True
Evaluating test atomic_update_lshift_equals.cpp.  Will it run: True
Evaluating test atomic_update_minus_equals.cpp.  Will it run: True
Evaluating test atomic_update_multiply_equals.cpp.  Will it run: True
Evaluating test atomic_update_plus_equals.cpp.  Will it run: True
Evaluating test atomic_update_postdecrement.cpp.  Will it run: True
Evaluating test atomic_update_postincrement.cpp.  Will it run: True
Evaluating test atomic_update_predecrement.cpp.  Will it run: True
Evaluating test atomic_update_preincrement.cpp.  Will it run: True
Evaluating test atomic_update_rshift_equals.cpp.  Will it run: True
Evaluating test atomic_update_x_bitand_expr.cpp.  Will it run: True
Evaluating test atomic_update_x_bitor_expr.cpp.  Will it run: True
Evaluating test atomic_update_x_bitxor_expr.cpp.  Will it run: True
Evaluating test atomic_update_x_divided_expr.cpp.  Will it run: True
Evaluating test atomic_update_x_lshift_expr.cpp.  Will it run: True
Evaluating test atomic_update_x_minus_expr.cpp.  Will it run: True
Evaluating test atomic_update_x_multiply_expr.cpp.  Will it run: True
Evaluating test atomic_update_x_plus_expr.cpp.  Will it run: True
Evaluating test atomic_update_x_rshift_expr.cpp.  Will it run: True
Evaluating test atomic_x_bitand_expr.cpp.  Will it run: True
Evaluating test atomic_x_bitor_expr.cpp.  Will it run: True
Evaluating test atomic_x_bitxor_expr.cpp.  Will it run: True
Evaluating test atomic_x_divided_expr.cpp.  Will it run: True
Evaluating test atomic_x_lshift_expr.cpp.  Will it run: True
Evaluating test atomic_x_minus_expr.cpp.  Will it run: True
Evaluating test atomic_x_multiply_expr.cpp.  Will it run: True
Evaluating test atomic_x_plus_expr.cpp.  Will it run: True
Evaluating test atomic_x_rshift_expr.cpp.  Will it run: True
Evaluating test copy_copyout.cpp.  Will it run: True
Evaluating test copyin_copyout.cpp.  Will it run: True
Evaluating test data_async.cpp.  Will it run: True
Evaluating test data_copy_no_lower_bound.cpp.  Will it run: True
Evaluating test data_copyin_no_lower_bound.cpp.  Will it run: True
Evaluating test data_copyout_no_lower_bound.cpp.  Will it run: True
Evaluating test data_copyout_reference_counts.cpp.  Will it run: True
Evaluating test data_copyout_zero.cpp.  Will it run: True
Evaluating test data_create.cpp.  Will it run: True
Evaluating test data_create_no_lower_bound.cpp.  Will it run: True
Evaluating test data_create_zero.cpp.  Will it run: True
Evaluating test data_present_no_lower_bound.cpp.  Will it run: True
Evaluating test data_wait.cpp.  Will it run: True
Evaluating test data_with_changing_subscript.cpp.  Will it run: True
Evaluating test data_with_structs.cpp.  Will it run: True
Evaluating test declare_copyin.cpp.  Will it run: True
Evaluating test declare_create.cpp.  Will it run: True
Evaluating test declare_device_resident.cpp.  Will it run: True
Evaluating test declare_function_scope_copy.cpp.  Will it run: True
Evaluating test declare_function_scope_copyin.cpp.  Will it run: True
Evaluating test declare_function_scope_copyout.cpp.  Will it run: True
Evaluating test declare_function_scope_create.cpp.  Will it run: True
Evaluating test declare_function_scope_deviceptr.cpp.  Will it run: True
Evaluating test declare_function_scope_present.cpp.  Will it run: True
Evaluating test enter_data_copyin_no_lower_bound.cpp.  Will it run: True
Evaluating test enter_data_create.cpp.  Will it run: True
Evaluating test enter_data_create_no_lower_bound.cpp.  Will it run: True
Evaluating test enter_exit_data_if.cpp.  Will it run: True
Evaluating test exit_data.cpp.  Will it run: True
Evaluating test exit_data_copyout_no_lower_bound.cpp.  Will it run: True
Evaluating test exit_data_copyout_reference_counts.cpp.  Will it run: True
Evaluating test exit_data_delete_no_lower_bound.cpp.  Will it run: True
Evaluating test exit_data_finalize.cpp.  Will it run: True
Evaluating test host_data.cpp.  Will it run: True
Evaluating test init.cpp.  Will it run: True
Evaluating test init_device_num.cpp.  Will it run: True
Evaluating test init_device_type.cpp.  Will it run: True
Evaluating test init_device_type_num.cpp.  Will it run: True
Evaluating test init_device_type_num_nvidia.cpp.  Will it run: True
Evaluating test init_device_type_nvidia.cpp.  Will it run: True
Evaluating test init_if.cpp.  Will it run: True
Evaluating test kernel_implicit_data_attributes.cpp.  Will it run: True
Evaluating test kernels_async.cpp.  Will it run: True
Evaluating test kernels_copy.cpp.  Will it run: True
Evaluating test kernels_copyin.cpp.  Will it run: True
Evaluating test kernels_copyout.cpp.  Will it run: True
Evaluating test kernels_copyout_zero.cpp.  Will it run: True
Evaluating test kernels_create.cpp.  Will it run: True
Evaluating test kernels_create_zero.cpp.  Will it run: True
Evaluating test kernels_default_copy.cpp.  Will it run: True
Evaluating test kernels_default_present.cpp.  Will it run: True
Evaluating test kernels_if.cpp.  Will it run: True
Evaluating test kernels_loop.cpp.  Will it run: True
Evaluating test kernels_loop_independent.cpp.  Will it run: True
Evaluating test kernels_loop_reduction_add_general.cpp.  Will it run: True
Evaluating test kernels_loop_reduction_add_loop.cpp.  Will it run: True
Evaluating test kernels_loop_reduction_add_vector_loop.cpp.  Will it run: True
Evaluating test kernels_loop_reduction_and_general.cpp.  Will it run: True
Evaluating test kernels_loop_reduction_and_loop.cpp.  Will it run: True
Evaluating test kernels_loop_reduction_and_vector_loop.cpp.  Will it run: True
Evaluating test kernels_loop_reduction_bitand_general.cpp.  Will it run: True
Evaluating test kernels_loop_reduction_bitand_loop.cpp.  Will it run: True
Evaluating test kernels_loop_reduction_bitand_vector_loop.cpp.  Will it run: True
Evaluating test kernels_loop_reduction_bitor_general.cpp.  Will it run: True
Evaluating test kernels_loop_reduction_bitor_loop.cpp.  Will it run: True
Evaluating test kernels_loop_reduction_bitor_vector_loop.cpp.  Will it run: True
Evaluating test kernels_loop_reduction_bitxor_general.cpp.  Will it run: True
Evaluating test kernels_loop_reduction_bitxor_loop.cpp.  Will it run: True
Evaluating test kernels_loop_reduction_bitxor_vector_loop.cpp.  Will it run: True
Evaluating test kernels_loop_reduction_max_general.cpp.  Will it run: True
Evaluating test kernels_loop_reduction_max_loop.cpp.  Will it run: True
Evaluating test kernels_loop_reduction_max_vector_loop.cpp.  Will it run: True
Evaluating test kernels_loop_reduction_min_general.cpp.  Will it run: True
Evaluating test kernels_loop_reduction_min_loop.cpp.  Will it run: True
Evaluating test kernels_loop_reduction_min_vector_loop.cpp.  Will it run: True
Evaluating test kernels_loop_reduction_multiply_general.cpp.  Will it run: True
Evaluating test kernels_loop_reduction_multiply_loop.cpp.  Will it run: True
Evaluating test kernels_loop_reduction_multiply_vector_loop.cpp.  Will it run: True
Evaluating test kernels_loop_reduction_or_general.cpp.  Will it run: True
Evaluating test kernels_loop_reduction_or_loop.cpp.  Will it run: True
Evaluating test kernels_loop_reduction_or_vector_loop.cpp.  Will it run: True
Evaluating test kernels_loop_seq.cpp.  Will it run: True
Evaluating test kernels_loop_tile.cpp.  Will it run: True
Evaluating test kernels_loop_vector_blocking.cpp.  Will it run: True
Evaluating test kernels_loop_worker_blocking.cpp.  Will it run: True
Evaluating test kernels_num_gangs.cpp.  Will it run: True
Evaluating test kernels_num_workers.cpp.  Will it run: True
Evaluating test kernels_present.cpp.  Will it run: True
Evaluating test kernels_scalar_default_copy.cpp.  Will it run: True
Evaluating test kernels_vector_length.cpp.  Will it run: True
Evaluating test kernels_wait.cpp.  Will it run: True
Evaluating test loop_collapse.cpp.  Will it run: True
Evaluating test loop_no_collapse_default.cpp.  Will it run: True
Evaluating test parallel.cpp.  Will it run: True
Evaluating test parallel_async.cpp.  Will it run: True
Evaluating test parallel_copy.cpp.  Will it run: True
Evaluating test parallel_copyin.cpp.  Will it run: True
Evaluating test parallel_copyout.cpp.  Will it run: True
Evaluating test parallel_copyout_zero.cpp.  Will it run: True
Evaluating test parallel_create.cpp.  Will it run: True
Evaluating test parallel_create_zero.cpp.  Will it run: True
Evaluating test parallel_default_copy.cpp.  Will it run: True
Evaluating test parallel_default_present.cpp.  Will it run: True
Evaluating test parallel_deviceptr.cpp.  Will it run: True
Evaluating test parallel_firstprivate.cpp.  Will it run: True
Evaluating test parallel_if.cpp.  Will it run: True
Evaluating test parallel_implicit_data_attributes.cpp.  Will it run: True
Evaluating test parallel_independent_atomic.cpp.  Will it run: True
Evaluating test parallel_independent_atomic_capture.cpp.  Will it run: True
Evaluating test parallel_independent_atomic_read.cpp.  Will it run: True
Evaluating test parallel_independent_atomic_update.cpp.  Will it run: True
Evaluating test parallel_independent_atomic_write.cpp.  Will it run: True
Evaluating test parallel_loop.cpp.  Will it run: True
Evaluating test parallel_loop_async.cpp.  Will it run: True
Evaluating test parallel_loop_auto.cpp.  Will it run: True
Evaluating test parallel_loop_gang.cpp.  Will it run: True
Evaluating test parallel_loop_independent.cpp.  Will it run: True
Evaluating test parallel_loop_independent_reduction.cpp.  Will it run: True
Evaluating test parallel_loop_reduction_add_general.cpp.  Will it run: True
Evaluating test parallel_loop_reduction_add_general_type_check_pt1.cpp.  Will it run: True
Evaluating test parallel_loop_reduction_add_general_type_check_pt2.cpp.  Will it run: True
Evaluating test parallel_loop_reduction_add_general_type_check_pt3.cpp.  Will it run: True
Evaluating test parallel_loop_reduction_add_loop.cpp.  Will it run: True
Evaluating test parallel_loop_reduction_add_loop_type_check_pt1.cpp.  Will it run: True
Evaluating test parallel_loop_reduction_add_vector_loop.cpp.  Will it run: True
Evaluating test parallel_loop_reduction_and_general.cpp.  Will it run: True
Evaluating test parallel_loop_reduction_and_loop.cpp.  Will it run: True
Evaluating test parallel_loop_reduction_and_vector_loop.cpp.  Will it run: True
Evaluating test parallel_loop_reduction_bitand_general.cpp.  Will it run: True
Evaluating test parallel_loop_reduction_bitand_loop.cpp.  Will it run: True
Evaluating test parallel_loop_reduction_bitand_vector_loop.cpp.  Will it run: True
Evaluating test parallel_loop_reduction_bitor_general.cpp.  Will it run: True
Evaluating test parallel_loop_reduction_bitor_loop.cpp.  Will it run: True
Evaluating test parallel_loop_reduction_bitor_vector_loop.cpp.  Will it run: True
Evaluating test parallel_loop_reduction_bitxor_general.cpp.  Will it run: True
Evaluating test parallel_loop_reduction_bitxor_loop.cpp.  Will it run: True
Evaluating test parallel_loop_reduction_bitxor_vector_loop.cpp.  Will it run: True
Evaluating test parallel_loop_reduction_max_general.cpp.  Will it run: True
Evaluating test parallel_loop_reduction_max_loop.cpp.  Will it run: True
Evaluating test parallel_loop_reduction_max_vector_loop.cpp.  Will it run: True
Evaluating test parallel_loop_reduction_min_general.cpp.  Will it run: True
Evaluating test parallel_loop_reduction_min_loop.cpp.  Will it run: True
Evaluating test parallel_loop_reduction_min_vector_loop.cpp.  Will it run: True
Evaluating test parallel_loop_reduction_multiply_general.cpp.  Will it run: True
Evaluating test parallel_loop_reduction_multiply_loop.cpp.  Will it run: True
Evaluating test parallel_loop_reduction_multiply_vector_loop.cpp.  Will it run: True
Evaluating test parallel_loop_reduction_or_general.cpp.  Will it run: True
Evaluating test parallel_loop_reduction_or_loop.cpp.  Will it run: True
Evaluating test parallel_loop_reduction_or_vector_loop.cpp.  Will it run: True
Evaluating test parallel_loop_seq.cpp.  Will it run: True
Evaluating test parallel_loop_tile.cpp.  Will it run: True
Evaluating test parallel_loop_vector.cpp.  Will it run: True
Evaluating test parallel_loop_vector_blocking.cpp.  Will it run: True
Evaluating test parallel_loop_worker.cpp.  Will it run: True
Evaluating test parallel_loop_worker_blocking.cpp.  Will it run: True
Evaluating test parallel_present.cpp.  Will it run: True
Evaluating test parallel_private.cpp.  Will it run: True
Evaluating test parallel_reduction.cpp.  Will it run: True
Evaluating test parallel_scalar_default_firstprivate.cpp.  Will it run: True
Evaluating test parallel_switch.cpp.  Will it run: True
Evaluating test parallel_wait.cpp.  Will it run: True
Evaluating test parallel_wait_devnum.cpp.  Will it run: True
Evaluating test parallel_wait_queue.cpp.  Will it run: True
Evaluating test parallel_while_loop.cpp.  Will it run: True
Evaluating test reference_count_zero.cpp.  Will it run: True
Evaluating test routine_bind.cpp.  Will it run: True
Evaluating test routine_bind_nonprototype_function_nonstring_function.cpp.  Will it run: True
Evaluating test routine_bind_nonprototype_function_nonstring_lambda.cpp.  Will it run: True
Evaluating test routine_bind_nonprototype_function_string_function.cpp.  Will it run: True
Evaluating test routine_bind_nonprototype_function_string_lambda.cpp.  Will it run: True
Evaluating test routine_bind_nonprototype_lambda_nonstring_function.cpp.  Will it run: True
Evaluating test routine_bind_nonprototype_lambda_nonstring_lambda.cpp.  Will it run: True
Evaluating test routine_bind_nonprototype_lambda_string_function.cpp.  Will it run: True
Evaluating test routine_bind_nonprototype_lambda_string_lambda.cpp.  Will it run: True
Evaluating test routine_bind_prototype_function_nonstring_function.cpp.  Will it run: True
Evaluating test routine_bind_prototype_function_nonstring_lambda.cpp.  Will it run: True
Evaluating test routine_bind_prototype_function_string_function.cpp.  Will it run: True
Evaluating test routine_bind_prototype_function_string_lambda.cpp.  Will it run: True
Evaluating test routine_bind_prototype_lambda_nonstring_function.cpp.  Will it run: True
Evaluating test routine_bind_prototype_lambda_nonstring_lambda.cpp.  Will it run: True
Evaluating test routine_bind_prototype_lambda_string_function.cpp.  Will it run: True
Evaluating test routine_bind_prototype_lambda_string_lambda.cpp.  Will it run: True
Evaluating test routine_gang.cpp.  Will it run: True
Evaluating test routine_nohost.cpp.  Will it run: True
Evaluating test routine_seq.cpp.  Will it run: True
Evaluating test routine_vector.cpp.  Will it run: True
Evaluating test routine_worker.cpp.  Will it run: True
Evaluating test serial.cpp.  Will it run: True
Evaluating test serial_async.cpp.  Will it run: True
Evaluating test serial_copy.cpp.  Will it run: True
Evaluating test serial_copyin.cpp.  Will it run: True
Evaluating test serial_copyout.cpp.  Will it run: True
Evaluating test serial_copyout_zero.cpp.  Will it run: True
Evaluating test serial_create.cpp.  Will it run: True
Evaluating test serial_create_zero.cpp.  Will it run: True
Evaluating test serial_default_copy.cpp.  Will it run: True
Evaluating test serial_default_present.cpp.  Will it run: True
Evaluating test serial_deviceptr.cpp.  Will it run: True
Evaluating test serial_firstprivate.cpp.  Will it run: True
Evaluating test serial_if.cpp.  Will it run: True
Evaluating test serial_implicit_data_attributes.cpp.  Will it run: True
Evaluating test serial_loop.cpp.  Will it run: True
Evaluating test serial_loop_async.cpp.  Will it run: True
Evaluating test serial_loop_auto.cpp.  Will it run: True
Evaluating test serial_loop_gang.cpp.  Will it run: True
Evaluating test serial_loop_gang_blocking.cpp.  Will it run: True
Evaluating test serial_loop_reduction_add_general.cpp.  Will it run: True
Evaluating test serial_loop_reduction_add_loop.cpp.  Will it run: True
Evaluating test serial_loop_reduction_add_vector_loop.cpp.  Will it run: True
Evaluating test serial_loop_reduction_and_general.cpp.  Will it run: True
Evaluating test serial_loop_reduction_and_loop.cpp.  Will it run: True
Evaluating test serial_loop_reduction_and_vector_loop.cpp.  Will it run: True
Evaluating test serial_loop_reduction_bitand_general.cpp.  Will it run: True
Evaluating test serial_loop_reduction_bitand_loop.cpp.  Will it run: True
Evaluating test serial_loop_reduction_bitand_vector_loop.cpp.  Will it run: True
Evaluating test serial_loop_reduction_bitor_general.cpp.  Will it run: True
Evaluating test serial_loop_reduction_bitor_loop.cpp.  Will it run: True
Evaluating test serial_loop_reduction_bitor_vector_loop.cpp.  Will it run: True
Evaluating test serial_loop_reduction_bitxor_general.cpp.  Will it run: True
Evaluating test serial_loop_reduction_bitxor_loop.cpp.  Will it run: True
Evaluating test serial_loop_reduction_bitxor_vector_loop.cpp.  Will it run: True
Evaluating test serial_loop_reduction_max_general.cpp.  Will it run: True
Evaluating test serial_loop_reduction_max_loop.cpp.  Will it run: True
Evaluating test serial_loop_reduction_max_vector_loop.cpp.  Will it run: True
Evaluating test serial_loop_reduction_min_general.cpp.  Will it run: True
Evaluating test serial_loop_reduction_min_loop.cpp.  Will it run: True
Evaluating test serial_loop_reduction_min_vector_loop.cpp.  Will it run: True
Evaluating test serial_loop_reduction_multiply_general.cpp.  Will it run: True
Evaluating test serial_loop_reduction_multiply_loop.cpp.  Will it run: True
Evaluating test serial_loop_reduction_multiply_vector_loop.cpp.  Will it run: True
Evaluating test serial_loop_reduction_or_general.cpp.  Will it run: True
Evaluating test serial_loop_reduction_or_loop.cpp.  Will it run: True
Evaluating test serial_loop_reduction_or_vector_loop.cpp.  Will it run: True
Evaluating test serial_loop_seq.cpp.  Will it run: True
Evaluating test serial_loop_tile.cpp.  Will it run: True
Evaluating test serial_loop_vector.cpp.  Will it run: True
Evaluating test serial_loop_vector_blocking.cpp.  Will it run: True
Evaluating test serial_loop_worker.cpp.  Will it run: True
Evaluating test serial_loop_worker_blocking.cpp.  Will it run: True
Evaluating test serial_present.cpp.  Will it run: True
Evaluating test serial_private.cpp.  Will it run: True
Evaluating test serial_reduction.cpp.  Will it run: True
Evaluating test serial_scalar_default_firstprivate.cpp.  Will it run: True
Evaluating test serial_switch.cpp.  Will it run: True
Evaluating test serial_wait.cpp.  Will it run: True
Evaluating test serial_while_loop.cpp.  Will it run: True
Evaluating test set_default_async.cpp.  Will it run: True
Evaluating test set_device_num.cpp.  Will it run: True
Evaluating test set_device_type.cpp.  Will it run: True
Evaluating test set_device_type_num.cpp.  Will it run: True
Evaluating test set_device_type_num_nvidia.cpp.  Will it run: True
Evaluating test set_device_type_nvidia.cpp.  Will it run: True
Evaluating test set_if.cpp.  Will it run: True
Evaluating test shutdown.cpp.  Will it run: True
Evaluating test shutdown_device_num.cpp.  Will it run: True
Evaluating test shutdown_device_type.cpp.  Will it run: True
Evaluating test shutdown_device_type_num.cpp.  Will it run: True
Evaluating test shutdown_device_type_num_nvidia.cpp.  Will it run: True
Evaluating test shutdown_device_type_nvidia.cpp.  Will it run: True
Evaluating test shutdown_if.cpp.  Will it run: True
Evaluating test wait_if.cpp.  Will it run: True
Evaluating test wait_if_devnum_false.cpp.  Will it run: True
Evaluating test wait_if_devnum_true.cpp.  Will it run: True
Evaluating test wait_if_queue_false.cpp.  Will it run: True
Evaluating test wait_if_queue_true.cpp.  Will it run: True
Evaluating test acc_async_test.F90.  Will it run: True
Evaluating test acc_async_test_all.F90.  Will it run: True
Evaluating test acc_copyin.F90.  Will it run: True
Evaluating test acc_copyin_async.F90.  Will it run: True
Evaluating test acc_copyin_async_with_len.F90.  Will it run: True
Evaluating test acc_copyin_with_len.F90.  Will it run: True
Evaluating test acc_copyout.F90.  Will it run: True
Evaluating test acc_copyout_async.F90.  Will it run: True
Evaluating test acc_copyout_async_with_len.F90.  Will it run: True
Evaluating test acc_copyout_finalize.F90.  Will it run: True
Evaluating test acc_copyout_finalize_async.F90.  Will it run: True
Evaluating test acc_copyout_finalize_async_with_len.F90.  Will it run: True
Evaluating test acc_copyout_finalize_with_len.F90.  Will it run: True
Evaluating test acc_copyout_with_len.F90.  Will it run: True
Evaluating test acc_create.F90.  Will it run: True
Evaluating test acc_create_async.F90.  Will it run: True
Evaluating test acc_create_async_with_len.F90.  Will it run: True
Evaluating test acc_create_with_len.F90.  Will it run: True
Evaluating test acc_delete.F90.  Will it run: True
Evaluating test acc_delete_async.F90.  Will it run: True
Evaluating test acc_delete_async_with_len.F90.  Will it run: True
Evaluating test acc_delete_finalize.F90.  Will it run: True
Evaluating test acc_delete_finalize_async.F90.  Will it run: True
Evaluating test acc_delete_finalize_async_with_len.F90.  Will it run: True
Evaluating test acc_delete_finalize_with_len.F90.  Will it run: True
Evaluating test acc_delete_with_len.F90.  Will it run: True
Evaluating test acc_free.F90.  Will it run: True
Evaluating test acc_get_default_async.F90.  Will it run: True
Evaluating test acc_get_device_num.F90.  Will it run: True
Evaluating test acc_get_num_devices.F90.  Will it run: True
Evaluating test acc_get_property.F90.  Will it run: True
Evaluating test acc_get_property_string.F90.  Will it run: True
Evaluating test acc_init.F90.  Will it run: True
Evaluating test acc_is_present.F90.  Will it run: True
Evaluating test acc_is_present_with_len.F90.  Will it run: True
Evaluating test acc_malloc.F90.  Will it run: True
Evaluating test acc_map_data.F90.  Will it run: True
Evaluating test acc_on_device.F90.  Will it run: True
Evaluating test acc_set_default_async.F90.  Will it run: True
Evaluating test acc_set_device_num.F90.  Will it run: True
Evaluating test acc_set_device_type.F90.  Will it run: True
Evaluating test acc_shutdown.F90.  Will it run: True
Evaluating test acc_unmap_data.F90.  Will it run: True
Evaluating test acc_update_device.F90.  Will it run: True
Evaluating test acc_update_device_async.F90.  Will it run: True
Evaluating test acc_update_device_async_with_len.F90.  Will it run: True
Evaluating test acc_update_device_with_len.F90.  Will it run: True
Evaluating test acc_update_self.F90.  Will it run: True
Evaluating test acc_update_self_async.F90.  Will it run: True
Evaluating test acc_update_self_async_with_len.F90.  Will it run: True
Evaluating test acc_update_self_with_len.F90.  Will it run: True
Evaluating test acc_wait.F90.  Will it run: True
Evaluating test acc_wait_all.F90.  Will it run: True
Evaluating test acc_wait_all_async.F90.  Will it run: True
Evaluating test acc_wait_async.F90.  Will it run: True
Evaluating test atomic_capture_assign_expr_and_x.F90.  Will it run: True
Evaluating test atomic_capture_assign_expr_divided_x.F90.  Will it run: True
Evaluating test atomic_capture_assign_expr_eqv_x.F90.  Will it run: True
Evaluating test atomic_capture_assign_expr_minus_x.F90.  Will it run: True
Evaluating test atomic_capture_assign_expr_neqv_x.F90.  Will it run: True
Evaluating test atomic_capture_assign_expr_or_x.F90.  Will it run: True
Evaluating test atomic_capture_assign_expr_plus_x.F90.  Will it run: True
Evaluating test atomic_capture_assign_expr_times_x.F90.  Will it run: True
Evaluating test atomic_capture_assign_iand_expr_x.F90.  Will it run: True
Evaluating test atomic_capture_assign_iand_x_expr.F90.  Will it run: True
Evaluating test atomic_capture_assign_ior_expr_x.F90.  Will it run: True
Evaluating test atomic_capture_assign_ior_x_expr.F90.  Will it run: True
Evaluating test atomic_capture_assign_ixor_expr_x.F90.  Will it run: True
Evaluating test atomic_capture_assign_ixor_x_expr.F90.  Will it run: True
Evaluating test atomic_capture_assign_max_expr_list_x.F90.  Will it run: True
Evaluating test atomic_capture_assign_max_expr_x.F90.  Will it run: True
Evaluating test atomic_capture_assign_max_x_expr.F90.  Will it run: True
Evaluating test atomic_capture_assign_max_x_expr_list.F90.  Will it run: True
Evaluating test atomic_capture_assign_min_expr_list_x.F90.  Will it run: True
Evaluating test atomic_capture_assign_min_expr_x.F90.  Will it run: True
Evaluating test atomic_capture_assign_min_x_expr.F90.  Will it run: True
Evaluating test atomic_capture_assign_min_x_expr_list.F90.  Will it run: True
Evaluating test atomic_capture_assign_x_and_expr.F90.  Will it run: True
Evaluating test atomic_capture_assign_x_divided_expr.F90.  Will it run: True
Evaluating test atomic_capture_assign_x_eqv_expr.F90.  Will it run: True
Evaluating test atomic_capture_assign_x_minus_expr.F90.  Will it run: True
Evaluating test atomic_capture_assign_x_neqv_expr.F90.  Will it run: True
Evaluating test atomic_capture_assign_x_or_expr.F90.  Will it run: True
Evaluating test atomic_capture_assign_x_plus_expr.F90.  Will it run: True
Evaluating test atomic_capture_assign_x_times_expr.F90.  Will it run: True
Evaluating test atomic_capture_expr_and_x_assign.F90.  Will it run: True
Evaluating test atomic_capture_expr_divided_x_assign.F90.  Will it run: True
Evaluating test atomic_capture_expr_eqv_x_assign.F90.  Will it run: True
Evaluating test atomic_capture_expr_minus_x_assign.F90.  Will it run: True
Evaluating test atomic_capture_expr_neqv_x_assign.F90.  Will it run: True
Evaluating test atomic_capture_expr_or_x_assign.F90.  Will it run: True
Evaluating test atomic_capture_expr_plus_x_assign.F90.  Will it run: True
Evaluating test atomic_capture_expr_times_x_assign.F90.  Will it run: True
Evaluating test atomic_capture_iand_expr_x_assign.F90.  Will it run: True
Evaluating test atomic_capture_iand_x_expr_assign.F90.  Will it run: True
Evaluating test atomic_capture_ior_expr_x_assign.F90.  Will it run: True
Evaluating test atomic_capture_ior_x_expr_assign.F90.  Will it run: True
Evaluating test atomic_capture_ixor_expr_x_assign.F90.  Will it run: True
Evaluating test atomic_capture_ixor_x_expr_assign.F90.  Will it run: True
Evaluating test atomic_capture_max_expr_list_x_assign.F90.  Will it run: True
Evaluating test atomic_capture_max_expr_x_assign.F90.  Will it run: True
Evaluating test atomic_capture_max_x_expr_assign.F90.  Will it run: True
Evaluating test atomic_capture_max_x_expr_list_assign.F90.  Will it run: True
Evaluating test atomic_capture_min_expr_list_x_assign.F90.  Will it run: True
Evaluating test atomic_capture_min_expr_x_assign.F90.  Will it run: True
Evaluating test atomic_capture_min_x_expr_assign.F90.  Will it run: True
Evaluating test atomic_capture_min_x_expr_list_assign.F90.  Will it run: True
Evaluating test atomic_capture_x_and_expr_assign.F90.  Will it run: True
Evaluating test atomic_capture_x_divided_expr_assign.F90.  Will it run: True
Evaluating test atomic_capture_x_eqv_expr_assign.F90.  Will it run: True
Evaluating test atomic_capture_x_minus_expr_assign.F90.  Will it run: True
Evaluating test atomic_capture_x_neqv_expr_assign.F90.  Will it run: True
Evaluating test atomic_capture_x_or_expr_assign.F90.  Will it run: True
Evaluating test atomic_capture_x_plus_expr_assign.F90.  Will it run: True
Evaluating test atomic_capture_x_times_expr_assign.F90.  Will it run: True
Evaluating test atomic_expr_and_x.F90.  Will it run: True
Evaluating test atomic_expr_and_x_end.F90.  Will it run: True
Evaluating test atomic_expr_divided_x.F90.  Will it run: True
Evaluating test atomic_expr_divided_x_end.F90.  Will it run: True
Evaluating test atomic_expr_eqv_x.F90.  Will it run: True
Evaluating test atomic_expr_eqv_x_end.F90.  Will it run: True
Evaluating test atomic_expr_minus_x.F90.  Will it run: True
Evaluating test atomic_expr_minus_x_end.F90.  Will it run: True
Evaluating test atomic_expr_neqv_x.F90.  Will it run: True
Evaluating test atomic_expr_neqv_x_end.F90.  Will it run: True
Evaluating test atomic_expr_or_x.F90.  Will it run: True
Evaluating test atomic_expr_or_x_end.F90.  Will it run: True
Evaluating test atomic_expr_plus_x.F90.  Will it run: True
Evaluating test atomic_expr_plus_x_end.F90.  Will it run: True
Evaluating test atomic_expr_times_x.F90.  Will it run: True
Evaluating test atomic_expr_times_x_end.F90.  Will it run: True
Evaluating test atomic_iand_expr_x.F90.  Will it run: True
Evaluating test atomic_iand_expr_x_end.F90.  Will it run: True
Evaluating test atomic_iand_x_expr.F90.  Will it run: True
Evaluating test atomic_iand_x_expr_end.F90.  Will it run: True
Evaluating test atomic_ior_expr_x.F90.  Will it run: True
Evaluating test atomic_ior_expr_x_end.F90.  Will it run: True
Evaluating test atomic_ior_x_expr.F90.  Will it run: True
Evaluating test atomic_ior_x_expr_end.F90.  Will it run: True
Evaluating test atomic_ixor_expr_x.F90.  Will it run: True
Evaluating test atomic_ixor_expr_x_end.F90.  Will it run: True
Evaluating test atomic_ixor_x_expr.F90.  Will it run: True
Evaluating test atomic_ixor_x_expr_end.F90.  Will it run: True
Evaluating test atomic_max_expr_list_x.F90.  Will it run: True
Evaluating test atomic_max_expr_list_x_end.F90.  Will it run: True
Evaluating test atomic_max_expr_x.F90.  Will it run: True
Evaluating test atomic_max_expr_x_end.F90.  Will it run: True
Evaluating test atomic_max_x_expr.F90.  Will it run: True
Evaluating test atomic_max_x_expr_end.F90.  Will it run: True
Evaluating test atomic_max_x_expr_list.F90.  Will it run: True
Evaluating test atomic_max_x_expr_list_end.F90.  Will it run: True
Evaluating test atomic_min_expr_list_x.F90.  Will it run: True
Evaluating test atomic_min_expr_list_x_end.F90.  Will it run: True
Evaluating test atomic_min_expr_x.F90.  Will it run: True
Evaluating test atomic_min_expr_x_end.F90.  Will it run: True
Evaluating test atomic_min_x_expr.F90.  Will it run: True
Evaluating test atomic_min_x_expr_end.F90.  Will it run: True
Evaluating test atomic_min_x_expr_list.F90.  Will it run: True
Evaluating test atomic_min_x_expr_list_end.F90.  Will it run: True
Evaluating test atomic_update_expr_and_x.F90.  Will it run: True
Evaluating test atomic_update_expr_and_x_end.F90.  Will it run: True
Evaluating test atomic_update_expr_divided_x.F90.  Will it run: True
Evaluating test atomic_update_expr_divided_x_end.F90.  Will it run: True
Evaluating test atomic_update_expr_eqv_x.F90.  Will it run: True
Evaluating test atomic_update_expr_eqv_x_end.F90.  Will it run: True
Evaluating test atomic_update_expr_minus_x.F90.  Will it run: True
Evaluating test atomic_update_expr_minus_x_end.F90.  Will it run: True
Evaluating test atomic_update_expr_neqv_x.F90.  Will it run: True
Evaluating test atomic_update_expr_neqv_x_end.F90.  Will it run: True
Evaluating test atomic_update_expr_or_x.F90.  Will it run: True
Evaluating test atomic_update_expr_or_x_end.F90.  Will it run: True
Evaluating test atomic_update_expr_plus_x.F90.  Will it run: True
Evaluating test atomic_update_expr_plus_x_end.F90.  Will it run: True
Evaluating test atomic_update_expr_times_x.F90.  Will it run: True
Evaluating test atomic_update_expr_times_x_end.F90.  Will it run: True
Evaluating test atomic_update_iand_expr_x.F90.  Will it run: True
Evaluating test atomic_update_iand_expr_x_end.F90.  Will it run: True
Evaluating test atomic_update_iand_x_expr.F90.  Will it run: True
Evaluating test atomic_update_iand_x_expr_end.F90.  Will it run: True
Evaluating test atomic_update_ior_expr_x.F90.  Will it run: True
Evaluating test atomic_update_ior_expr_x_end.F90.  Will it run: True
Evaluating test atomic_update_ior_x_expr.F90.  Will it run: True
Evaluating test atomic_update_ior_x_expr_end.F90.  Will it run: True
Evaluating test atomic_update_ixor_expr_x.F90.  Will it run: True
Evaluating test atomic_update_ixor_expr_x_end.F90.  Will it run: True
Evaluating test atomic_update_ixor_x_expr.F90.  Will it run: True
Evaluating test atomic_update_ixor_x_expr_end.F90.  Will it run: True
Evaluating test atomic_update_max_expr_list_x.F90.  Will it run: True
Evaluating test atomic_update_max_expr_list_x_end.F90.  Will it run: True
Evaluating test atomic_update_max_expr_x.F90.  Will it run: True
Evaluating test atomic_update_max_expr_x_end.F90.  Will it run: True
Evaluating test atomic_update_max_x_expr.F90.  Will it run: True
Evaluating test atomic_update_max_x_expr_end.F90.  Will it run: True
Evaluating test atomic_update_max_x_expr_list.F90.  Will it run: True
Evaluating test atomic_update_max_x_expr_list_end.F90.  Will it run: True
Evaluating test atomic_update_min_expr_list_x.F90.  Will it run: True
Evaluating test atomic_update_min_expr_list_x_end.F90.  Will it run: True
Evaluating test atomic_update_min_expr_x.F90.  Will it run: True
Evaluating test atomic_update_min_expr_x_end.F90.  Will it run: True
Evaluating test atomic_update_min_x_expr.F90.  Will it run: True
Evaluating test atomic_update_min_x_expr_end.F90.  Will it run: True
Evaluating test atomic_update_min_x_expr_list.F90.  Will it run: True
Evaluating test atomic_update_min_x_expr_list_end.F90.  Will it run: True
Evaluating test atomic_update_x_and_expr.F90.  Will it run: True
Evaluating test atomic_update_x_and_expr_end.F90.  Will it run: True
Evaluating test atomic_update_x_divided_expr.F90.  Will it run: True
Evaluating test atomic_update_x_divided_expr_end.F90.  Will it run: True
Evaluating test atomic_update_x_eqv_expr.F90.  Will it run: True
Evaluating test atomic_update_x_eqv_expr_end.F90.  Will it run: True
Evaluating test atomic_update_x_minus_expr.F90.  Will it run: True
Evaluating test atomic_update_x_minus_expr_end.F90.  Will it run: True
Evaluating test atomic_update_x_neqv_expr.F90.  Will it run: True
Evaluating test atomic_update_x_neqv_expr_end.F90.  Will it run: True
Evaluating test atomic_update_x_or_expr.F90.  Will it run: True
Evaluating test atomic_update_x_or_expr_end.F90.  Will it run: True
Evaluating test atomic_update_x_plus_expr.F90.  Will it run: True
Evaluating test atomic_update_x_plus_expr_end.F90.  Will it run: True
Evaluating test atomic_update_x_times_expr.F90.  Will it run: True
Evaluating test atomic_update_x_times_expr_end.F90.  Will it run: True
Evaluating test atomic_x_and_expr.F90.  Will it run: True
Evaluating test atomic_x_and_expr_end.F90.  Will it run: True
Evaluating test atomic_x_divided_expr.F90.  Will it run: True
Evaluating test atomic_x_divided_expr_end.F90.  Will it run: True
Evaluating test atomic_x_eqv_expr.F90.  Will it run: True
Evaluating test atomic_x_eqv_expr_end.F90.  Will it run: True
Evaluating test atomic_x_minus_expr.F90.  Will it run: True
Evaluating test atomic_x_minus_expr_end.F90.  Will it run: True
Evaluating test atomic_x_neqv_expr.F90.  Will it run: True
Evaluating test atomic_x_neqv_expr_end.F90.  Will it run: True
Evaluating test atomic_x_or_expr.F90.  Will it run: True
Evaluating test atomic_x_or_expr_end.F90.  Will it run: True
Evaluating test atomic_x_plus_expr.F90.  Will it run: True
Evaluating test atomic_x_plus_expr_end.F90.  Will it run: True
Evaluating test atomic_x_times_expr.F90.  Will it run: True
Evaluating test atomic_x_times_expr_end.F90.  Will it run: True
Evaluating test data_copy_no_lower_bound.F90.  Will it run: True
Evaluating test data_copyin_no_lower_bound.F90.  Will it run: True
Evaluating test data_copyout_no_lower_bound.F90.  Will it run: True
Evaluating test data_copyout_reference_counts.F90.  Will it run: True
Evaluating test data_create.F90.  Will it run: True
Evaluating test data_create_no_lower_bound.F90.  Will it run: True
Evaluating test data_present_no_lower_bound.F90.  Will it run: True
Evaluating test data_with_changing_subscript.F90.  Will it run: True
Evaluating test data_with_derived_type.F90.  Will it run: True
Evaluating test declare_copyin.F90.  Will it run: True
Evaluating test declare_copyin_mod.F90.  Will it run: True
Evaluating test declare_create.F90.  Will it run: True
Evaluating test declare_function_scope_copy.F90.  Will it run: True
Evaluating test declare_function_scope_copyin.F90.  Will it run: True
Evaluating test declare_function_scope_copyout.F90.  Will it run: True
Evaluating test declare_function_scope_create.F90.  Will it run: True
Evaluating test declare_function_scope_present.F90.  Will it run: True
Evaluating test enter_data_copyin_no_lower_bound.F90.  Will it run: True
Evaluating test enter_data_create.F90.  Will it run: True
Evaluating test enter_data_create_no_lower_bound.F90.  Will it run: True
Evaluating test enter_data_if.F90.  Will it run: True
Evaluating test exit_data.F90.  Will it run: True
Evaluating test exit_data_copyout_no_lower_bound.F90.  Will it run: True
Evaluating test exit_data_copyout_reference_counts.F90.  Will it run: True
Evaluating test exit_data_delete_no_lower_bound.F90.  Will it run: True
Evaluating test exit_data_finalize.F90.  Will it run: True
Evaluating test init.F90.  Will it run: True
Evaluating test init_device_num.F90.  Will it run: True
Evaluating test init_device_type.F90.  Will it run: True
Evaluating test init_device_type_num.F90.  Will it run: True
Evaluating test init_device_type_num_nvidia.F90.  Will it run: True
Evaluating test init_device_type_nvidia.F90.  Will it run: True
Evaluating test kernels_async.F90.  Will it run: True
Evaluating test kernels_copy.F90.  Will it run: True
Evaluating test kernels_copyin.F90.  Will it run: True
Evaluating test kernels_copyout.F90.  Will it run: True
Evaluating test kernels_create.F90.  Will it run: True
Evaluating test kernels_default_copy.F90.  Will it run: True
Evaluating test kernels_default_present.F90.  Will it run: True
Evaluating test kernels_if.F90.  Will it run: True
Evaluating test kernels_loop.F90.  Will it run: True
Evaluating test kernels_loop_independent.F90.  Will it run: True
Evaluating test kernels_loop_reduction_add_general.F90.  Will it run: True
Evaluating test kernels_loop_reduction_add_loop.F90.  Will it run: True
Evaluating test kernels_loop_reduction_add_vector_loop.F90.  Will it run: True
Evaluating test kernels_loop_reduction_and_general.F90.  Will it run: True
Evaluating test kernels_loop_reduction_and_loop.F90.  Will it run: True
Evaluating test kernels_loop_reduction_and_vector_loop.F90.  Will it run: True
Evaluating test kernels_loop_reduction_bitand_general.F90.  Will it run: True
Evaluating test kernels_loop_reduction_bitand_loop.F90.  Will it run: True
Evaluating test kernels_loop_reduction_bitand_vector_loop.F90.  Will it run: True
Evaluating test kernels_loop_reduction_bitor_general.F90.  Will it run: True
Evaluating test kernels_loop_reduction_bitor_loop.F90.  Will it run: True
Evaluating test kernels_loop_reduction_bitor_vector_loop.F90.  Will it run: True
Evaluating test kernels_loop_reduction_bitxor_general.F90.  Will it run: True
Evaluating test kernels_loop_reduction_bitxor_loop.F90.  Will it run: True
Evaluating test kernels_loop_reduction_bitxor_vector_loop.F90.  Will it run: True
Evaluating test kernels_loop_reduction_max_general.F90.  Will it run: True
Evaluating test kernels_loop_reduction_max_loop.F90.  Will it run: True
Evaluating test kernels_loop_reduction_max_vector_loop.F90.  Will it run: True
Evaluating test kernels_loop_reduction_min_general.F90.  Will it run: True
Evaluating test kernels_loop_reduction_min_loop.F90.  Will it run: True
Evaluating test kernels_loop_reduction_min_vector_loop.F90.  Will it run: True
Evaluating test kernels_loop_reduction_multiply_general.F90.  Will it run: True
Evaluating test kernels_loop_reduction_multiply_loop.F90.  Will it run: True
Evaluating test kernels_loop_reduction_multiply_vector_loop.F90.  Will it run: True
Evaluating test kernels_loop_reduction_or_general.F90.  Will it run: True
Evaluating test kernels_loop_reduction_or_loop.F90.  Will it run: True
Evaluating test kernels_loop_reduction_or_vector_loop.F90.  Will it run: True
Evaluating test kernels_loop_seq.F90.  Will it run: True
Evaluating test kernels_loop_tile.F90.  Will it run: True
Evaluating test kernels_loop_vector_blocking.F90.  Will it run: True
Evaluating test kernels_loop_worker_blocking.F90.  Will it run: True
Evaluating test kernels_num_gangs.F90.  Will it run: True
Evaluating test kernels_num_workers.F90.  Will it run: True
Evaluating test kernels_present.F90.  Will it run: True
Evaluating test kernels_scalar_default_copy.F90.  Will it run: True
Evaluating test kernels_vector_length.F90.  Will it run: True
Evaluating test kernels_wait.F90.  Will it run: True
Evaluating test loop_collapse.F90.  Will it run: True
Evaluating test loop_no_collapse.F90.  Will it run: True
Evaluating test parallel.F90.  Will it run: True
Evaluating test parallel_async.F90.  Will it run: True
Evaluating test parallel_copy.F90.  Will it run: True
Evaluating test parallel_copyin.F90.  Will it run: True
Evaluating test parallel_copyout.F90.  Will it run: True
Evaluating test parallel_create.F90.  Will it run: True
Evaluating test parallel_default_copy.F90.  Will it run: True
Evaluating test parallel_default_present.F90.  Will it run: True
Evaluating test parallel_firstprivate.F90.  Will it run: True
Evaluating test parallel_if.F90.  Will it run: True
Evaluating test parallel_loop.F90.  Will it run: True
Evaluating test parallel_loop_async.F90.  Will it run: True
Evaluating test parallel_loop_auto.F90.  Will it run: True
Evaluating test parallel_loop_gang.F90.  Will it run: True
Evaluating test parallel_loop_reduction_add_general.F90.  Will it run: True
Evaluating test parallel_loop_reduction_add_loop.F90.  Will it run: True
Evaluating test parallel_loop_reduction_add_vector_loop.F90.  Will it run: True
Evaluating test parallel_loop_reduction_and_general.F90.  Will it run: True
Evaluating test parallel_loop_reduction_and_loop.F90.  Will it run: True
Evaluating test parallel_loop_reduction_and_vector_loop.F90.  Will it run: True
Evaluating test parallel_loop_reduction_bitand_general.F90.  Will it run: True
Evaluating test parallel_loop_reduction_bitand_loop.F90.  Will it run: True
Evaluating test parallel_loop_reduction_bitand_vector_loop.F90.  Will it run: True
Evaluating test parallel_loop_reduction_bitor_general.F90.  Will it run: True
Evaluating test parallel_loop_reduction_bitor_loop.F90.  Will it run: True
Evaluating test parallel_loop_reduction_bitor_vector_loop.F90.  Will it run: True
Evaluating test parallel_loop_reduction_bitxor_general.F90.  Will it run: True
Evaluating test parallel_loop_reduction_bitxor_loop.F90.  Will it run: True
Evaluating test parallel_loop_reduction_bitxor_vector_loop.F90.  Will it run: True
Evaluating test parallel_loop_reduction_max_general.F90.  Will it run: True
Evaluating test parallel_loop_reduction_max_loop.F90.  Will it run: True
Evaluating test parallel_loop_reduction_max_vector_loop.F90.  Will it run: True
Evaluating test parallel_loop_reduction_min_general.F90.  Will it run: True
Evaluating test parallel_loop_reduction_min_loop.F90.  Will it run: True
Evaluating test parallel_loop_reduction_min_vector_loop.F90.  Will it run: True
Evaluating test parallel_loop_reduction_multiply_general.F90.  Will it run: True
Evaluating test parallel_loop_reduction_multiply_loop.F90.  Will it run: True
Evaluating test parallel_loop_reduction_multiply_vector_loop.F90.  Will it run: True
Evaluating test parallel_loop_reduction_or_general.F90.  Will it run: True
Evaluating test parallel_loop_reduction_or_loop.F90.  Will it run: True
Evaluating test parallel_loop_reduction_or_vector_loop.F90.  Will it run: True
Evaluating test parallel_loop_seq.F90.  Will it run: True
Evaluating test parallel_loop_tile.F90.  Will it run: True
Evaluating test parallel_loop_vector.F90.  Will it run: True
Evaluating test parallel_loop_vector_blocking.F90.  Will it run: True
Evaluating test parallel_loop_worker.F90.  Will it run: True
Evaluating test parallel_loop_worker_blocking.F90.  Will it run: True
Evaluating test parallel_present.F90.  Will it run: True
Evaluating test parallel_private.F90.  Will it run: True
Evaluating test parallel_reduction.F90.  Will it run: True
Evaluating test parallel_scalar_default_firstprivate.F90.  Will it run: True
Evaluating test parallel_switch.F90.  Will it run: True
Evaluating test parallel_wait.F90.  Will it run: True
Evaluating test parallel_while_loop.F90.  Will it run: True
Evaluating test serial.F90.  Will it run: True
Evaluating test serial_async.F90.  Will it run: True
Evaluating test serial_copy.F90.  Will it run: True
Evaluating test serial_copyin.F90.  Will it run: True
Evaluating test serial_copyout.F90.  Will it run: True
Evaluating test serial_create.F90.  Will it run: True
Evaluating test serial_default_copy.F90.  Will it run: True
Evaluating test serial_default_present.F90.  Will it run: True
Evaluating test serial_firstprivate.F90.  Will it run: True
Evaluating test serial_if.F90.  Will it run: True
Evaluating test serial_loop.F90.  Will it run: True
Evaluating test serial_loop_async.F90.  Will it run: True
Evaluating test serial_loop_auto.F90.  Will it run: True
Evaluating test serial_loop_gang.F90.  Will it run: True
Evaluating test serial_loop_gang_blocking.F90.  Will it run: True
Evaluating test serial_loop_reduction_add_general.F90.  Will it run: True
Evaluating test serial_loop_reduction_add_loop.F90.  Will it run: True
Evaluating test serial_loop_reduction_add_vector_loop.F90.  Will it run: True
Evaluating test serial_loop_reduction_and_general.F90.  Will it run: True
Evaluating test serial_loop_reduction_and_loop.F90.  Will it run: True
Evaluating test serial_loop_reduction_and_vector_loop.F90.  Will it run: True
Evaluating test serial_loop_reduction_bitand_general.F90.  Will it run: True
Evaluating test serial_loop_reduction_bitand_loop.F90.  Will it run: True
Evaluating test serial_loop_reduction_bitand_vector_loop.F90.  Will it run: True
Evaluating test serial_loop_reduction_bitor_general.F90.  Will it run: True
Evaluating test serial_loop_reduction_bitor_loop.F90.  Will it run: True
Evaluating test serial_loop_reduction_bitor_vector_loop.F90.  Will it run: True
Evaluating test serial_loop_reduction_bitxor_general.F90.  Will it run: True
Evaluating test serial_loop_reduction_bitxor_loop.F90.  Will it run: True
Evaluating test serial_loop_reduction_bitxor_vector_loop.F90.  Will it run: True
Evaluating test serial_loop_reduction_max_general.F90.  Will it run: True
Evaluating test serial_loop_reduction_max_loop.F90.  Will it run: True
Evaluating test serial_loop_reduction_max_vector_loop.F90.  Will it run: True
Evaluating test serial_loop_reduction_min_general.F90.  Will it run: True
Evaluating test serial_loop_reduction_min_loop.F90.  Will it run: True
Evaluating test serial_loop_reduction_min_vector_loop.F90.  Will it run: True
Evaluating test serial_loop_reduction_multiply_general.F90.  Will it run: True
Evaluating test serial_loop_reduction_multiply_loop.F90.  Will it run: True
Evaluating test serial_loop_reduction_multiply_vector_loop.F90.  Will it run: True
Evaluating test serial_loop_reduction_or_general.F90.  Will it run: True
Evaluating test serial_loop_reduction_or_loop.F90.  Will it run: True
Evaluating test serial_loop_reduction_or_vector_loop.F90.  Will it run: True
Evaluating test serial_loop_seq.F90.  Will it run: True
Evaluating test serial_loop_tile.F90.  Will it run: True
Evaluating test serial_loop_vector.F90.  Will it run: True
Evaluating test serial_loop_vector_blocking.F90.  Will it run: True
Evaluating test serial_loop_worker.F90.  Will it run: True
Evaluating test serial_loop_worker_blocking.F90.  Will it run: True
Evaluating test serial_present.F90.  Will it run: True
Evaluating test serial_private.F90.  Will it run: True
Evaluating test serial_reduction.F90.  Will it run: True
Evaluating test serial_scalar_default_firstprivate.F90.  Will it run: True
Evaluating test serial_switch.F90.  Will it run: True
Evaluating test serial_wait.F90.  Will it run: True
Evaluating test serial_while_loop.F90.  Will it run: True
Evaluating test set_default_async.F90.  Will it run: True
Evaluating test set_device_num.F90.  Will it run: True
Evaluating test set_device_type.F90.  Will it run: True
Evaluating test set_device_type_num.F90.  Will it run: True
Evaluating test set_device_type_num_nvidia.F90.  Will it run: True
Evaluating test set_device_type_nvidia.F90.  Will it run: True
Evaluating test shutdown.F90.  Will it run: True
Evaluating test shutdown_device_num.F90.  Will it run: True
Evaluating test shutdown_device_type.F90.  Will it run: True
Evaluating test shutdown_device_type_num.F90.  Will it run: True
Evaluating test shutdown_device_type_num_nvidia.F90.  Will it run: True
Evaluating test shutdown_device_type_nvidia.F90.  Will it run: True
Time to complete: 5151.494915168732
Time spent running/compiling: 4946.528715208173
